{
"/home/moalmeida/Documents/spark-bdd/3/app/src/helper/rule.js":{"path":"/home/moalmeida/Documents/spark-bdd/3/app/src/helper/rule.js","s":{},"b":{},"f":{},"fnMap":{},"statementMap":{},"branchMap":{},"l":{}},
"/home/moalmeida/Documents/spark-bdd/3/app/src/model/board.js":{"path":"/home/moalmeida/Documents/spark-bdd/3/app/src/model/board.js","s":{"1":1,"2":1,"3":1,"4":0,"5":0,"6":0,"7":0,"8":0,"9":0,"10":0,"11":0,"12":0,"13":0,"14":0},"b":{"1":[0,0],"2":[0,0],"3":[0,0],"4":[0,0],"5":[0,0],"6":[0,0],"7":[0,0],"8":[0,0],"9":[0,0]},"f":{"1":1,"2":1,"3":0,"4":0,"5":0,"6":0,"7":0,"8":0,"9":0,"10":0,"11":0,"12":0,"13":0},"fnMap":{"1":{"name":"(anonymous_1)","line":5,"loc":{"start":{"line":5,"column":13},"end":{"line":5,"column":29}}},"2":{"name":"(anonymous_2)","line":9,"loc":{"start":{"line":9,"column":11},"end":{"line":9,"column":27}}},"3":{"name":"(anonymous_3)","line":13,"loc":{"start":{"line":13,"column":9},"end":{"line":13,"column":19}}},"4":{"name":"(anonymous_4)","line":17,"loc":{"start":{"line":17,"column":9},"end":{"line":17,"column":16}}},"5":{"name":"(anonymous_5)","line":21,"loc":{"start":{"line":21,"column":18},"end":{"line":21,"column":25}}},"6":{"name":"(anonymous_6)","line":28,"loc":{"start":{"line":28,"column":19},"end":{"line":28,"column":26}}},"7":{"name":"(anonymous_7)","line":35,"loc":{"start":{"line":35,"column":18},"end":{"line":35,"column":25}}},"8":{"name":"(anonymous_8)","line":42,"loc":{"start":{"line":42,"column":20},"end":{"line":42,"column":27}}},"9":{"name":"(anonymous_9)","line":49,"loc":{"start":{"line":49,"column":20},"end":{"line":49,"column":27}}},"10":{"name":"(anonymous_10)","line":56,"loc":{"start":{"line":56,"column":19},"end":{"line":56,"column":26}}},"11":{"name":"(anonymous_11)","line":63,"loc":{"start":{"line":63,"column":20},"end":{"line":63,"column":27}}},"12":{"name":"(anonymous_12)","line":69,"loc":{"start":{"line":69,"column":19},"end":{"line":69,"column":26}}},"13":{"name":"(anonymous_13)","line":76,"loc":{"start":{"line":76,"column":21},"end":{"line":76,"column":28}}}},"statementMap":{"1":{"start":{"line":3,"column":0},"end":{"line":80,"column":2}},"2":{"start":{"line":6,"column":4},"end":{"line":6,"column":33}},"3":{"start":{"line":10,"column":4},"end":{"line":10,"column":58}},"4":{"start":{"line":14,"column":4},"end":{"line":14,"column":25}},"5":{"start":{"line":18,"column":4},"end":{"line":18,"column":33}},"6":{"start":{"line":22,"column":4},"end":{"line":25,"column":10}},"7":{"start":{"line":29,"column":4},"end":{"line":32,"column":10}},"8":{"start":{"line":36,"column":4},"end":{"line":39,"column":10}},"9":{"start":{"line":43,"column":4},"end":{"line":46,"column":10}},"10":{"start":{"line":50,"column":4},"end":{"line":53,"column":10}},"11":{"start":{"line":57,"column":4},"end":{"line":60,"column":10}},"12":{"start":{"line":64,"column":4},"end":{"line":66,"column":10}},"13":{"start":{"line":70,"column":4},"end":{"line":73,"column":10}},"14":{"start":{"line":77,"column":4},"end":{"line":77,"column":257}}},"branchMap":{"1":{"line":18,"type":"binary-expr","locations":[{"start":{"line":18,"column":11},"end":{"line":18,"column":28}},{"start":{"line":18,"column":32},"end":{"line":18,"column":33}}]},"2":{"line":22,"type":"binary-expr","locations":[{"start":{"line":22,"column":11},"end":{"line":25,"column":5}},{"start":{"line":25,"column":9},"end":{"line":25,"column":10}}]},"3":{"line":29,"type":"binary-expr","locations":[{"start":{"line":29,"column":11},"end":{"line":32,"column":5}},{"start":{"line":32,"column":9},"end":{"line":32,"column":10}}]},"4":{"line":36,"type":"binary-expr","locations":[{"start":{"line":36,"column":11},"end":{"line":39,"column":5}},{"start":{"line":39,"column":9},"end":{"line":39,"column":10}}]},"5":{"line":43,"type":"binary-expr","locations":[{"start":{"line":43,"column":11},"end":{"line":46,"column":5}},{"start":{"line":46,"column":9},"end":{"line":46,"column":10}}]},"6":{"line":50,"type":"binary-expr","locations":[{"start":{"line":50,"column":11},"end":{"line":53,"column":5}},{"start":{"line":53,"column":9},"end":{"line":53,"column":10}}]},"7":{"line":57,"type":"binary-expr","locations":[{"start":{"line":57,"column":11},"end":{"line":60,"column":5}},{"start":{"line":60,"column":9},"end":{"line":60,"column":10}}]},"8":{"line":64,"type":"binary-expr","locations":[{"start":{"line":64,"column":11},"end":{"line":66,"column":5}},{"start":{"line":66,"column":9},"end":{"line":66,"column":10}}]},"9":{"line":70,"type":"binary-expr","locations":[{"start":{"line":70,"column":11},"end":{"line":73,"column":5}},{"start":{"line":73,"column":9},"end":{"line":73,"column":10}}]}},"l":{"3":1,"6":1,"10":1,"14":0,"18":0,"22":0,"29":0,"36":0,"43":0,"50":0,"57":0,"64":0,"70":0,"77":0}}}
